 client 1 | 2023-11-06 21:48:43,954 INFO     Starting UDP client 1
 client 1 | 2023-11-06 21:48:43,955 INFO     Sent register message to server 127.0.0.1:7070
 client 1 | 2023-11-06 21:48:44,834 DEBUG    Received packet 1: 3735
 client 1 | 2023-11-06 21:48:44,934 DEBUG    Received packet 2: 3698
 client 1 | 2023-11-06 21:48:45,034 DEBUG    Received packet 3: 3594
 client 1 | 2023-11-06 21:48:45,135 DEBUG    Received packet 4: 3680
 client 1 | 2023-11-06 21:48:45,235 DEBUG    Received packet 5: 3738
 client 1 | 2023-11-06 21:48:45,335 DEBUG    Received packet 6: 3684
 client 1 | 2023-11-06 21:48:45,436 DEBUG    Received packet 7: 3661
 client 1 | 2023-11-06 21:48:45,536 DEBUG    Received packet 8: 3499
 client 1 | 2023-11-06 21:48:45,636 DEBUG    Received packet 9: 3623
 client 1 | 2023-11-06 21:48:45,736 DEBUG    Received packet 10: 3637
 client 1 | 2023-11-06 21:48:45,837 DEBUG    Received packet 11: 3608
 client 1 | 2023-11-06 21:48:45,937 DEBUG    Received packet 12: 3555
 client 1 | 2023-11-06 21:48:46,037 DEBUG    Received packet 13: 3620
 client 1 | 2023-11-06 21:48:46,138 DEBUG    Received packet 14: 3596
 client 1 | 2023-11-06 21:48:46,238 DEBUG    Received packet 15: 3650
 client 1 | 2023-11-06 21:48:46,338 DEBUG    Received packet 16: 3481
 client 1 | 2023-11-06 21:48:46,438 DEBUG    Received packet 17: 3519
 client 1 | 2023-11-06 21:48:46,539 DEBUG    Received packet 18: 3502
 client 1 | 2023-11-06 21:48:46,639 DEBUG    Received packet 19: 3537
 client 1 | 2023-11-06 21:48:46,739 DEBUG    Received packet 20: 3582
 client 1 | 2023-11-06 21:48:46,840 DEBUG    Received packet 21: 3615
 client 1 | 2023-11-06 21:48:46,940 DEBUG    Received packet 22: 3546
 client 1 | 2023-11-06 21:48:47,040 DEBUG    Received packet 23: 3496
 client 1 | 2023-11-06 21:48:47,140 DEBUG    Received packet 24: 3660
 client 1 | 2023-11-06 21:48:47,241 DEBUG    Received packet 25: 3837
 client 1 | 2023-11-06 21:48:47,341 DEBUG    Received packet 26: 3763
 client 1 | 2023-11-06 21:48:47,441 DEBUG    Received packet 27: 3773
 client 1 | 2023-11-06 21:48:47,542 DEBUG    Received packet 28: 3570
 client 1 | 2023-11-06 21:48:47,642 DEBUG    Received packet 29: 3713
 client 1 | 2023-11-06 21:48:47,742 DEBUG    Received packet 30: 3860
 client 1 | 2023-11-06 21:48:47,843 DEBUG    Received packet 31: 4003
 client 1 | 2023-11-06 21:48:47,943 DEBUG    Received packet 32: 3871
 client 1 | 2023-11-06 21:48:48,043 DEBUG    Received packet 33: 3644
 client 1 | 2023-11-06 21:48:48,143 DEBUG    Received packet 34: 3619
 client 2 | 2023-11-06 21:48:48,159 INFO     Starting UDP client 2
 client 2 | 2023-11-06 21:48:48,159 INFO     Sent register message to server 127.0.0.1:7070
 client 1 | 2023-11-06 21:48:48,244 DEBUG    Received packet 35: 3511
 client 2 | 2023-11-06 21:48:48,244 DEBUG    Received packet 35: 3511
 client 1 | 2023-11-06 21:48:48,344 DEBUG    Received packet 36: 3604
 client 2 | 2023-11-06 21:48:48,344 DEBUG    Received packet 36: 3604
 client 1 | 2023-11-06 21:48:48,444 DEBUG    Received packet 37: 3670
 client 2 | 2023-11-06 21:48:48,445 DEBUG    Received packet 37: 3670
 client 1 | 2023-11-06 21:48:48,545 DEBUG    Received packet 38: 3703
 client 2 | 2023-11-06 21:48:48,545 DEBUG    Received packet 38: 3703
 client 1 | 2023-11-06 21:48:48,645 DEBUG    Received packet 39: 3711
 client 2 | 2023-11-06 21:48:48,645 DEBUG    Received packet 39: 3711
 client 1 | 2023-11-06 21:48:48,746 DEBUG    Received packet 40: 3709
 client 2 | 2023-11-06 21:48:48,746 DEBUG    Received packet 40: 3709
 client 1 | 2023-11-06 21:48:48,846 DEBUG    Received packet 41: 3682
 client 2 | 2023-11-06 21:48:48,846 DEBUG    Received packet 41: 3682
 client 1 | 2023-11-06 21:48:48,946 DEBUG    Received packet 42: 3919
 client 2 | 2023-11-06 21:48:48,946 DEBUG    Received packet 42: 3919
 client 1 | 2023-11-06 21:48:49,047 DEBUG    Received packet 43: 4006
 client 2 | 2023-11-06 21:48:49,047 DEBUG    Received packet 43: 4006
 client 1 | 2023-11-06 21:48:49,147 DEBUG    Received packet 44: 3870
 client 2 | 2023-11-06 21:48:49,147 DEBUG    Received packet 44: 3870
 client 1 | 2023-11-06 21:48:49,247 DEBUG    Received packet 45: 3675
 client 2 | 2023-11-06 21:48:49,247 DEBUG    Received packet 45: 3675
 client 1 | 2023-11-06 21:48:49,348 DEBUG    Received packet 46: 3585
 client 2 | 2023-11-06 21:48:49,348 DEBUG    Received packet 46: 3585
 client 1 | 2023-11-06 21:48:49,448 DEBUG    Received packet 47: 3743
 client 2 | 2023-11-06 21:48:49,448 DEBUG    Received packet 47: 3743
 client 1 | 2023-11-06 21:48:49,548 DEBUG    Received packet 48: 3507
 client 2 | 2023-11-06 21:48:49,549 DEBUG    Received packet 48: 3507
 client 1 | 2023-11-06 21:48:49,649 DEBUG    Received packet 49: 3438
 client 2 | 2023-11-06 21:48:49,649 DEBUG    Received packet 49: 3438
 client 1 | 2023-11-06 21:48:49,749 DEBUG    Received packet 50: 3540
 client 2 | 2023-11-06 21:48:49,749 DEBUG    Received packet 50: 3540
 client 1 | 2023-11-06 21:48:49,850 DEBUG    Received packet 51: 3833
 client 2 | 2023-11-06 21:48:49,850 DEBUG    Received packet 51: 3833
 client 1 | 2023-11-06 21:48:49,950 DEBUG    Received packet 52: 3668
 client 2 | 2023-11-06 21:48:49,950 DEBUG    Received packet 52: 3668
 client 1 | 2023-11-06 21:48:50,050 DEBUG    Received packet 53: 3844
 client 2 | 2023-11-06 21:48:50,050 DEBUG    Received packet 53: 3844
 client 1 | 2023-11-06 21:48:50,151 DEBUG    Received packet 54: 3848
 client 2 | 2023-11-06 21:48:50,151 DEBUG    Received packet 54: 3848
 client 1 | 2023-11-06 21:48:50,251 DEBUG    Received packet 55: 4119
 client 2 | 2023-11-06 21:48:50,251 DEBUG    Received packet 55: 4119
 client 1 | 2023-11-06 21:48:50,351 DEBUG    Received packet 56: 4108
 client 2 | 2023-11-06 21:48:50,352 DEBUG    Received packet 56: 4108
 client 1 | 2023-11-06 21:48:50,452 DEBUG    Received packet 57: 3947
 client 2 | 2023-11-06 21:48:50,452 DEBUG    Received packet 57: 3947
 client 1 | 2023-11-06 21:48:50,552 DEBUG    Received packet 58: 3920
 client 2 | 2023-11-06 21:48:50,552 DEBUG    Received packet 58: 3920
 client 1 | 2023-11-06 21:48:50,653 DEBUG    Received packet 59: 3863
 client 2 | 2023-11-06 21:48:50,653 DEBUG    Received packet 59: 3863
 client 1 | 2023-11-06 21:48:50,753 DEBUG    Received packet 60: 3954
 client 2 | 2023-11-06 21:48:50,753 DEBUG    Received packet 60: 3954
 client 1 | 2023-11-06 21:48:50,853 DEBUG    Received packet 61: 3959
 client 2 | 2023-11-06 21:48:50,853 DEBUG    Received packet 61: 3959
 client 1 | 2023-11-06 21:48:50,954 DEBUG    Received packet 62: 3902
 client 2 | 2023-11-06 21:48:50,954 DEBUG    Received packet 62: 3902
 client 1 | 2023-11-06 21:48:51,054 DEBUG    Received packet 63: 3763
 client 2 | 2023-11-06 21:48:51,054 DEBUG    Received packet 63: 3763
 client 1 | 2023-11-06 21:48:51,154 DEBUG    Received packet 64: 3904
 client 2 | 2023-11-06 21:48:51,154 DEBUG    Received packet 64: 3904
 client 1 | 2023-11-06 21:48:51,255 DEBUG    Received packet 65: 4070
 client 2 | 2023-11-06 21:48:51,255 DEBUG    Received packet 65: 4070
 client 1 | 2023-11-06 21:48:51,355 DEBUG    Received packet 66: 4127
 client 2 | 2023-11-06 21:48:51,355 DEBUG    Received packet 66: 4127
 client 1 | 2023-11-06 21:48:51,455 DEBUG    Received packet 67: 3927
 client 2 | 2023-11-06 21:48:51,456 DEBUG    Received packet 67: 3927
 client 1 | 2023-11-06 21:48:51,556 DEBUG    Received packet 68: 3946
 client 2 | 2023-11-06 21:48:51,556 DEBUG    Received packet 68: 3946
 client 1 | 2023-11-06 21:48:51,656 DEBUG    Received packet 69: 4113
 client 2 | 2023-11-06 21:48:51,656 DEBUG    Received packet 69: 4113
 client 1 | 2023-11-06 21:48:51,757 DEBUG    Received packet 70: 4055
 client 2 | 2023-11-06 21:48:51,757 DEBUG    Received packet 70: 4055
 client 1 | 2023-11-06 21:48:51,857 DEBUG    Received packet 71: 4036
 client 2 | 2023-11-06 21:48:51,857 DEBUG    Received packet 71: 4036
 client 1 | 2023-11-06 21:48:51,957 DEBUG    Received packet 72: 3864
 client 2 | 2023-11-06 21:48:51,957 DEBUG    Received packet 72: 3864
 client 1 | 2023-11-06 21:48:52,058 DEBUG    Received packet 73: 3661
 client 2 | 2023-11-06 21:48:52,058 DEBUG    Received packet 73: 3661
 client 1 | 2023-11-06 21:48:52,158 DEBUG    Received packet 74: 3600
 client 2 | 2023-11-06 21:48:52,158 DEBUG    Received packet 74: 3600
 client 1 | 2023-11-06 21:48:52,258 DEBUG    Received packet 75: 3697
 client 2 | 2023-11-06 21:48:52,258 DEBUG    Received packet 75: 3697
 client 1 | 2023-11-06 21:48:52,359 DEBUG    Received packet 76: 3579
 client 2 | 2023-11-06 21:48:52,359 DEBUG    Received packet 76: 3579
 client 1 | 2023-11-06 21:48:52,459 DEBUG    Received packet 77: 3519
 client 2 | 2023-11-06 21:48:52,459 DEBUG    Received packet 77: 3519
 client 1 | 2023-11-06 21:48:52,559 DEBUG    Received packet 78: 3636
 client 2 | 2023-11-06 21:48:52,559 DEBUG    Received packet 78: 3636
 client 1 | 2023-11-06 21:48:52,660 DEBUG    Received packet 79: 3623
 client 2 | 2023-11-06 21:48:52,660 DEBUG    Received packet 79: 3623
 client 1 | 2023-11-06 21:48:52,760 DEBUG    Received packet 80: 3572
 client 2 | 2023-11-06 21:48:52,760 DEBUG    Received packet 80: 3572
 client 1 | 2023-11-06 21:48:52,860 DEBUG    Received packet 81: 3689
 client 2 | 2023-11-06 21:48:52,861 DEBUG    Received packet 81: 3689
 client 1 | 2023-11-06 21:48:52,961 DEBUG    Received packet 82: 3929
 client 2 | 2023-11-06 21:48:52,961 DEBUG    Received packet 82: 3929
 client 1 | 2023-11-06 21:48:53,061 DEBUG    Received packet 83: 4028
 client 2 | 2023-11-06 21:48:53,061 DEBUG    Received packet 83: 4028
 client 1 | 2023-11-06 21:48:53,161 DEBUG    Received packet 84: 4052
 client 2 | 2023-11-06 21:48:53,162 DEBUG    Received packet 84: 4052
 client 1 | 2023-11-06 21:48:53,262 DEBUG    Received packet 85: 4018
 client 2 | 2023-11-06 21:48:53,262 DEBUG    Received packet 85: 4018
 client 1 | 2023-11-06 21:48:53,362 DEBUG    Received packet 86: 3740
 client 2 | 2023-11-06 21:48:53,362 DEBUG    Received packet 86: 3740
 client 1 | 2023-11-06 21:48:53,463 DEBUG    Received packet 87: 3793
 client 2 | 2023-11-06 21:48:53,463 DEBUG    Received packet 87: 3793
 client 1 | 2023-11-06 21:48:53,563 DEBUG    Received packet 88: 3744
 client 2 | 2023-11-06 21:48:53,563 DEBUG    Received packet 88: 3744
 client 1 | 2023-11-06 21:48:53,663 DEBUG    Received packet 89: 3771
 client 2 | 2023-11-06 21:48:53,663 DEBUG    Received packet 89: 3771
 client 1 | 2023-11-06 21:48:53,764 DEBUG    Received packet 90: 3687
 client 2 | 2023-11-06 21:48:53,764 DEBUG    Received packet 90: 3687
 client 1 | 2023-11-06 21:48:53,864 DEBUG    Received packet 91: 3677
 client 2 | 2023-11-06 21:48:53,864 DEBUG    Received packet 91: 3677
 client 1 | 2023-11-06 21:48:53,964 DEBUG    Received packet 92: 3625
 client 2 | 2023-11-06 21:48:53,965 DEBUG    Received packet 92: 3625
 client 1 | 2023-11-06 21:48:54,065 DEBUG    Received packet 93: 3669
 client 2 | 2023-11-06 21:48:54,065 DEBUG    Received packet 93: 3669
 client 1 | 2023-11-06 21:48:54,165 DEBUG    Received packet 94: 3897
 client 2 | 2023-11-06 21:48:54,165 DEBUG    Received packet 94: 3897
 client 1 | 2023-11-06 21:48:54,266 DEBUG    Received packet 95: 4023
 client 2 | 2023-11-06 21:48:54,266 DEBUG    Received packet 95: 4023
 client 1 | 2023-11-06 21:48:54,366 DEBUG    Received packet 96: 3862
 client 2 | 2023-11-06 21:48:54,366 DEBUG    Received packet 96: 3862
 client 1 | 2023-11-06 21:48:54,466 DEBUG    Received packet 97: 3597
 client 2 | 2023-11-06 21:48:54,467 DEBUG    Received packet 97: 3597
 client 1 | 2023-11-06 21:48:54,567 DEBUG    Received packet 98: 3910
 client 2 | 2023-11-06 21:48:54,567 DEBUG    Received packet 98: 3910
 client 1 | 2023-11-06 21:48:54,667 DEBUG    Received packet 99: 3879
 client 2 | 2023-11-06 21:48:54,667 DEBUG    Received packet 99: 3879
 client 1 | 2023-11-06 21:48:54,768 DEBUG    Received packet 100: 3610
 client 2 | 2023-11-06 21:48:54,768 DEBUG    Received packet 100: 3610
 client 1 | 2023-11-06 21:48:54,868 DEBUG    Received packet 101: 3718
 client 2 | 2023-11-06 21:48:54,868 DEBUG    Received packet 101: 3718
 client 1 | 2023-11-06 21:48:54,968 DEBUG    Received packet 102: 3451
 client 2 | 2023-11-06 21:48:54,969 DEBUG    Received packet 102: 3451
 client 1 | 2023-11-06 21:48:55,069 DEBUG    Received packet 103: 3575
 client 2 | 2023-11-06 21:48:55,069 DEBUG    Received packet 103: 3575
 client 1 | 2023-11-06 21:48:55,169 DEBUG    Received packet 104: 3613
 client 2 | 2023-11-06 21:48:55,169 DEBUG    Received packet 104: 3613
 client 1 | 2023-11-06 21:48:55,269 DEBUG    Received packet 105: 3657
 client 2 | 2023-11-06 21:48:55,270 DEBUG    Received packet 105: 3657
 client 1 | 2023-11-06 21:48:55,370 DEBUG    Received packet 106: 3651
 client 2 | 2023-11-06 21:48:55,370 DEBUG    Received packet 106: 3651
 client 1 | 2023-11-06 21:48:55,470 DEBUG    Received packet 107: 3652
 client 2 | 2023-11-06 21:48:55,470 DEBUG    Received packet 107: 3652
 client 1 | 2023-11-06 21:48:55,571 DEBUG    Received packet 108: 3701
 client 2 | 2023-11-06 21:48:55,571 DEBUG    Received packet 108: 3701
 client 1 | 2023-11-06 21:48:55,671 DEBUG    Received packet 109: 3820
 client 2 | 2023-11-06 21:48:55,671 DEBUG    Received packet 109: 3820
 client 1 | 2023-11-06 21:48:55,771 DEBUG    Received packet 110: 3764
 client 2 | 2023-11-06 21:48:55,771 DEBUG    Received packet 110: 3764
 client 1 | 2023-11-06 21:48:55,872 DEBUG    Received packet 111: 3552
 client 2 | 2023-11-06 21:48:55,872 DEBUG    Received packet 111: 3552
 client 1 | 2023-11-06 21:48:55,972 DEBUG    Received packet 112: 3057
 client 2 | 2023-11-06 21:48:55,972 DEBUG    Received packet 112: 3057
 client 1 | 2023-11-06 21:48:56,072 DEBUG    Received packet 113: 3502
 client 2 | 2023-11-06 21:48:56,072 DEBUG    Received packet 113: 3502
 client 1 | 2023-11-06 21:48:56,173 DEBUG    Received packet 114: 3133
 client 2 | 2023-11-06 21:48:56,173 DEBUG    Received packet 114: 3133
 client 1 | 2023-11-06 21:48:56,273 DEBUG    Received packet 115: 2391
 client 2 | 2023-11-06 21:48:56,273 DEBUG    Received packet 115: 2391
 client 1 | 2023-11-06 21:48:56,373 DEBUG    Received packet 116: 2404
 client 2 | 2023-11-06 21:48:56,373 DEBUG    Received packet 116: 2404
 client 1 | 2023-11-06 21:48:56,474 DEBUG    Received packet 117: 1903
 client 2 | 2023-11-06 21:48:56,474 DEBUG    Received packet 117: 1903
 client 1 | 2023-11-06 21:48:56,574 DEBUG    Received packet 118: 1925
 client 2 | 2023-11-06 21:48:56,574 DEBUG    Received packet 118: 1925
 client 1 | 2023-11-06 21:48:56,674 DEBUG    Received packet 119: 1934
 client 2 | 2023-11-06 21:48:56,675 DEBUG    Received packet 119: 1934
 client 1 | 2023-11-06 21:48:56,775 DEBUG    Received packet 120: 2176
 client 2 | 2023-11-06 21:48:56,775 DEBUG    Received packet 120: 2176
 client 1 | 2023-11-06 21:48:56,875 DEBUG    Received packet 121: 2507
 client 2 | 2023-11-06 21:48:56,875 DEBUG    Received packet 121: 2507
 client 1 | 2023-11-06 21:48:56,975 DEBUG    Received packet 122: 2326
 client 2 | 2023-11-06 21:48:56,976 DEBUG    Received packet 122: 2326
 client 1 | 2023-11-06 21:48:57,076 DEBUG    Received packet 123: 3515
 client 2 | 2023-11-06 21:48:57,076 DEBUG    Received packet 123: 3515
 client 1 | 2023-11-06 21:48:57,176 DEBUG    Received packet 124: 3625
 client 2 | 2023-11-06 21:48:57,176 DEBUG    Received packet 124: 3625
 client 1 | 2023-11-06 21:48:57,276 DEBUG    Received packet 125: 3688
 client 2 | 2023-11-06 21:48:57,277 DEBUG    Received packet 125: 3688
 client 1 | 2023-11-06 21:48:57,377 DEBUG    Received packet 126: 3900
 client 2 | 2023-11-06 21:48:57,377 DEBUG    Received packet 126: 3900
 client 1 | 2023-11-06 21:48:57,477 DEBUG    Received packet 127: 3720
 client 2 | 2023-11-06 21:48:57,477 DEBUG    Received packet 127: 3720
 client 1 | 2023-11-06 21:48:57,578 DEBUG    Received packet 128: 3638
 client 2 | 2023-11-06 21:48:57,578 DEBUG    Received packet 128: 3638
 client 1 | 2023-11-06 21:48:57,678 DEBUG    Received packet 129: 3793
 client 2 | 2023-11-06 21:48:57,678 DEBUG    Received packet 129: 3793
 client 1 | 2023-11-06 21:48:57,778 DEBUG    Received packet 130: 4019
 client 2 | 2023-11-06 21:48:57,778 DEBUG    Received packet 130: 4019
 client 1 | 2023-11-06 21:48:57,879 DEBUG    Received packet 131: 4031
 client 2 | 2023-11-06 21:48:57,879 DEBUG    Received packet 131: 4031
 client 1 | 2023-11-06 21:48:57,979 DEBUG    Received packet 132: 4150
 client 2 | 2023-11-06 21:48:57,979 DEBUG    Received packet 132: 4150
 client 1 | 2023-11-06 21:48:58,079 DEBUG    Received packet 133: 4066
 client 2 | 2023-11-06 21:48:58,080 DEBUG    Received packet 133: 4066
 client 1 | 2023-11-06 21:48:58,180 DEBUG    Received packet 134: 3964
 client 2 | 2023-11-06 21:48:58,180 DEBUG    Received packet 134: 3964
 client 1 | 2023-11-06 21:48:58,280 DEBUG    Received packet 135: 3893
 client 2 | 2023-11-06 21:48:58,280 DEBUG    Received packet 135: 3893
 client 1 | 2023-11-06 21:48:58,381 DEBUG    Received packet 136: 3828
 client 2 | 2023-11-06 21:48:58,381 DEBUG    Received packet 136: 3828
 client 1 | 2023-11-06 21:48:58,481 DEBUG    Received packet 137: 3789
 client 2 | 2023-11-06 21:48:58,481 DEBUG    Received packet 137: 3789
 client 1 | 2023-11-06 21:48:58,581 DEBUG    Received packet 138: 3559
 client 2 | 2023-11-06 21:48:58,581 DEBUG    Received packet 138: 3559
 client 1 | 2023-11-06 21:48:58,682 DEBUG    Received packet 139: 3568
 client 2 | 2023-11-06 21:48:58,682 DEBUG    Received packet 139: 3568
 client 1 | 2023-11-06 21:48:58,782 DEBUG    Received packet 140: 3360
 client 2 | 2023-11-06 21:48:58,782 DEBUG    Received packet 140: 3360
 client 1 | 2023-11-06 21:48:58,882 DEBUG    Received packet 141: 3016
 client 2 | 2023-11-06 21:48:58,883 DEBUG    Received packet 141: 3016
 client 1 | 2023-11-06 21:48:58,983 DEBUG    Received packet 142: 3373
 client 2 | 2023-11-06 21:48:58,983 DEBUG    Received packet 142: 3373
 client 1 | 2023-11-06 21:48:59,083 DEBUG    Received packet 143: 0
 client 2 | 2023-11-06 21:48:59,083 DEBUG    Received packet 143: 0
 client 1 | 2023-11-06 21:48:59,184 DEBUG    Received packet 144: 0
 client 2 | 2023-11-06 21:48:59,184 DEBUG    Received packet 144: 0
 client 1 | 2023-11-06 21:48:59,284 DEBUG    Received packet 145: 0
 client 2 | 2023-11-06 21:48:59,284 DEBUG    Received packet 145: 0
 client 1 | 2023-11-06 21:48:59,384 DEBUG    Received packet 146: 0
 client 2 | 2023-11-06 21:48:59,384 DEBUG    Received packet 146: 0
 client 1 | 2023-11-06 21:48:59,485 DEBUG    Received packet 147: 0
 client 2 | 2023-11-06 21:48:59,485 DEBUG    Received packet 147: 0
 client 1 | 2023-11-06 21:48:59,585 DEBUG    Received packet 148: 0
 client 2 | 2023-11-06 21:48:59,585 DEBUG    Received packet 148: 0
 client 1 | 2023-11-06 21:48:59,685 DEBUG    Received packet 149: 0
 client 2 | 2023-11-06 21:48:59,686 DEBUG    Received packet 149: 0
 client 1 | 2023-11-06 21:48:59,786 DEBUG    Received packet 150: 3584
 client 2 | 2023-11-06 21:48:59,786 DEBUG    Received packet 150: 3584
 client 1 | 2023-11-06 21:48:59,886 DEBUG    Received packet 151: 3701
 client 2 | 2023-11-06 21:48:59,886 DEBUG    Received packet 151: 3701
 client 1 | 2023-11-06 21:48:59,987 DEBUG    Received packet 152: 3711
 client 2 | 2023-11-06 21:48:59,987 DEBUG    Received packet 152: 3711
 client 1 | 2023-11-06 21:49:00,087 DEBUG    Received packet 153: 3700
 client 2 | 2023-11-06 21:49:00,087 DEBUG    Received packet 153: 3700
 client 1 | 2023-11-06 21:49:00,187 DEBUG    Received packet 154: 3850
 client 2 | 2023-11-06 21:49:00,188 DEBUG    Received packet 154: 3850
 client 1 | 2023-11-06 21:49:00,288 DEBUG    Received packet 155: 3863
 client 2 | 2023-11-06 21:49:00,288 DEBUG    Received packet 155: 3863
 client 1 | 2023-11-06 21:49:00,388 DEBUG    Received packet 156: 4035
 client 2 | 2023-11-06 21:49:00,388 DEBUG    Received packet 156: 4035
 client 1 | 2023-11-06 21:49:00,488 DEBUG    Received packet 157: 3912
 client 2 | 2023-11-06 21:49:00,489 DEBUG    Received packet 157: 3912
 client 1 | 2023-11-06 21:49:00,589 DEBUG    Received packet 158: 3922
 client 2 | 2023-11-06 21:49:00,589 DEBUG    Received packet 158: 3922
 client 1 | 2023-11-06 21:49:00,689 DEBUG    Received packet 159: 3818
 client 2 | 2023-11-06 21:49:00,689 DEBUG    Received packet 159: 3818
 client 1 | 2023-11-06 21:49:00,790 DEBUG    Received packet 160: 4110
 client 2 | 2023-11-06 21:49:00,790 DEBUG    Received packet 160: 4110
 client 1 | 2023-11-06 21:49:00,890 DEBUG    Received packet 161: 4072
 client 2 | 2023-11-06 21:49:00,890 DEBUG    Received packet 161: 4072
 client 1 | 2023-11-06 21:49:00,990 DEBUG    Received packet 162: 3983
 client 2 | 2023-11-06 21:49:00,990 DEBUG    Received packet 162: 3983
 client 1 | 2023-11-06 21:49:01,090 DEBUG    Received packet 163: 4006
 client 2 | 2023-11-06 21:49:01,091 DEBUG    Received packet 163: 4006
 client 2 | 2023-11-06 21:49:01,128 INFO     Sent quit message to server 127.0.0.1:7070
 client 2 | 2023-11-06 21:49:01,128 INFO     Lost packets: 34
 client 2 | 2023-11-06 21:49:01,128 INFO     Out of order packets: 0
 client 2 | 2023-11-06 21:49:01,128 INFO     Standard deviation: 936.3917889841915
 client 1 | 2023-11-06 21:49:01,191 DEBUG    Received packet 164: 4100
 client 1 | 2023-11-06 21:49:01,291 DEBUG    Received packet 165: 4013
 client 1 | 2023-11-06 21:49:01,391 DEBUG    Received packet 166: 3800
 client 1 | 2023-11-06 21:49:01,492 DEBUG    Received packet 167: 4326
 client 1 | 2023-11-06 21:49:01,592 DEBUG    Received packet 168: 4027
 client 1 | 2023-11-06 21:49:01,692 DEBUG    Received packet 169: 3958
 client 1 | 2023-11-06 21:49:01,792 DEBUG    Received packet 170: 4164
 client 1 | 2023-11-06 21:49:01,893 DEBUG    Received packet 171: 4159
 client 1 | 2023-11-06 21:49:01,993 DEBUG    Received packet 172: 4159
 client 1 | 2023-11-06 21:49:02,093 DEBUG    Received packet 173: 4125
 client 1 | 2023-11-06 21:49:02,194 DEBUG    Received packet 174: 4160
 client 1 | 2023-11-06 21:49:02,294 DEBUG    Received packet 175: 4187
 client 1 | 2023-11-06 21:49:02,394 DEBUG    Received packet 176: 4004
 client 1 | 2023-11-06 21:49:02,494 DEBUG    Received packet 177: 3979
 client 1 | 2023-11-06 21:49:02,595 DEBUG    Received packet 178: 4199
 client 1 | 2023-11-06 21:49:02,695 DEBUG    Received packet 179: 4112
 client 1 | 2023-11-06 21:49:02,795 DEBUG    Received packet 180: 4028
 client 1 | 2023-11-06 21:49:02,896 DEBUG    Received packet 181: 4235
 client 1 | 2023-11-06 21:49:02,996 DEBUG    Received packet 182: 4210
 client 1 | 2023-11-06 21:49:03,096 DEBUG    Received packet 183: 4161
 client 1 | 2023-11-06 21:49:03,197 DEBUG    Received packet 184: 4191
 client 1 | 2023-11-06 21:49:03,297 DEBUG    Received packet 185: 4188
 client 1 | 2023-11-06 21:49:03,397 DEBUG    Received packet 186: 4187
 client 1 | 2023-11-06 21:49:03,497 DEBUG    Received packet 187: 4254
 client 1 | 2023-11-06 21:49:03,598 DEBUG    Received packet 188: 4239
 client 1 | 2023-11-06 21:49:03,698 DEBUG    Received packet 189: 4075
 client 1 | 2023-11-06 21:49:03,798 DEBUG    Received packet 190: 4160
 client 1 | 2023-11-06 21:49:03,899 DEBUG    Received packet 191: 4143
 client 1 | 2023-11-06 21:49:03,999 DEBUG    Received packet 192: 4143
 client 1 | 2023-11-06 21:49:04,099 DEBUG    Received packet 193: 4204
 client 1 | 2023-11-06 21:49:04,200 DEBUG    Received packet 194: 4198
 client 1 | 2023-11-06 21:49:04,300 DEBUG    Received packet 195: 4183
 client 1 | 2023-11-06 21:49:04,400 DEBUG    Received packet 196: 4137
 client 1 | 2023-11-06 21:49:04,500 DEBUG    Received packet 197: 4157
 client 1 | 2023-11-06 21:49:04,601 DEBUG    Received packet 198: 4205
 client 1 | 2023-11-06 21:49:04,701 DEBUG    Received packet 199: 4181
 client 1 | 2023-11-06 21:49:04,801 DEBUG    Received packet 200: 4171
 client 1 | 2023-11-06 21:49:04,902 DEBUG    Received packet 201: 3911
 client 1 | 2023-11-06 21:49:05,002 DEBUG    Received packet 202: 7000
 client 1 | 2023-11-06 21:49:05,102 DEBUG    Received packet 203: 7000
 client 1 | 2023-11-06 21:49:05,203 DEBUG    Received packet 204: 7000
 client 1 | 2023-11-06 21:49:05,303 DEBUG    Received packet 205: 7000
 client 1 | 2023-11-06 21:49:05,403 DEBUG    Received packet 206: 7000
 client 1 | 2023-11-06 21:49:05,503 DEBUG    Received packet 207: 7000
 client 1 | 2023-11-06 21:49:05,604 DEBUG    Received packet 208: 7000
 client 1 | 2023-11-06 21:49:05,704 DEBUG    Received packet 209: 7000
 client 3 | 2023-11-06 21:49:05,738 INFO     Starting UDP client 3
 client 3 | 2023-11-06 21:49:05,739 INFO     Sent register message to server 127.0.0.1:7070
 client 1 | 2023-11-06 21:49:05,804 DEBUG    Received packet 210: 7000
 client 3 | 2023-11-06 21:49:05,804 DEBUG    Received packet 210: 7000
 client 1 | 2023-11-06 21:49:05,905 DEBUG    Received packet 211: 7000
 client 3 | 2023-11-06 21:49:05,905 DEBUG    Received packet 211: 7000
 client 1 | 2023-11-06 21:49:06,005 DEBUG    Received packet 212: 7000
 client 3 | 2023-11-06 21:49:06,005 DEBUG    Received packet 212: 7000
 client 1 | 2023-11-06 21:49:06,105 DEBUG    Received packet 213: 7000
 client 3 | 2023-11-06 21:49:06,106 DEBUG    Received packet 213: 7000
 client 1 | 2023-11-06 21:49:06,206 DEBUG    Received packet 214: 7000
 client 3 | 2023-11-06 21:49:06,206 DEBUG    Received packet 214: 7000
 client 1 | 2023-11-06 21:49:06,306 DEBUG    Received packet 215: 7000
 client 3 | 2023-11-06 21:49:06,306 DEBUG    Received packet 215: 7000
 client 1 | 2023-11-06 21:49:06,406 DEBUG    Received packet 216: 7000
 client 3 | 2023-11-06 21:49:06,407 DEBUG    Received packet 216: 7000
 client 1 | 2023-11-06 21:49:06,507 DEBUG    Received packet 217: 7000
 client 3 | 2023-11-06 21:49:06,507 DEBUG    Received packet 217: 7000
 client 1 | 2023-11-06 21:49:06,607 DEBUG    Received packet 218: 7000
 client 3 | 2023-11-06 21:49:06,607 DEBUG    Received packet 218: 7000
 client 1 | 2023-11-06 21:49:06,707 DEBUG    Received packet 219: 7000
 client 3 | 2023-11-06 21:49:06,708 DEBUG    Received packet 219: 7000
 client 1 | 2023-11-06 21:49:06,808 DEBUG    Received packet 220: 7000
 client 3 | 2023-11-06 21:49:06,808 DEBUG    Received packet 220: 7000
 client 1 | 2023-11-06 21:49:06,908 DEBUG    Received packet 221: 7000
 client 3 | 2023-11-06 21:49:06,908 DEBUG    Received packet 221: 7000
 client 1 | 2023-11-06 21:49:07,008 DEBUG    Received packet 222: 7000
 client 3 | 2023-11-06 21:49:07,009 DEBUG    Received packet 222: 7000
 client 1 | 2023-11-06 21:49:07,109 DEBUG    Received packet 223: 7000
 client 3 | 2023-11-06 21:49:07,109 DEBUG    Received packet 223: 7000
 client 1 | 2023-11-06 21:49:07,209 DEBUG    Received packet 224: 7000
 client 3 | 2023-11-06 21:49:07,209 DEBUG    Received packet 224: 7000
 client 1 | 2023-11-06 21:49:07,310 DEBUG    Received packet 225: 7000
 client 3 | 2023-11-06 21:49:07,310 DEBUG    Received packet 225: 7000
 client 1 | 2023-11-06 21:49:07,410 DEBUG    Received packet 226: 7000
 client 3 | 2023-11-06 21:49:07,410 DEBUG    Received packet 226: 7000
 client 1 | 2023-11-06 21:49:07,510 DEBUG    Received packet 227: 7000
 client 3 | 2023-11-06 21:49:07,511 DEBUG    Received packet 227: 7000
 client 1 | 2023-11-06 21:49:07,611 DEBUG    Received packet 228: 7000
 client 3 | 2023-11-06 21:49:07,611 DEBUG    Received packet 228: 7000
 client 1 | 2023-11-06 21:49:07,711 DEBUG    Received packet 229: 7000
 client 3 | 2023-11-06 21:49:07,711 DEBUG    Received packet 229: 7000
 client 1 | 2023-11-06 21:49:07,811 DEBUG    Received packet 230: 7000
 client 3 | 2023-11-06 21:49:07,812 DEBUG    Received packet 230: 7000
 client 1 | 2023-11-06 21:49:07,912 DEBUG    Received packet 231: 7000
 client 3 | 2023-11-06 21:49:07,912 DEBUG    Received packet 231: 7000
 client 1 | 2023-11-06 21:49:08,012 DEBUG    Received packet 232: 7000
 client 3 | 2023-11-06 21:49:08,012 DEBUG    Received packet 232: 7000
 client 1 | 2023-11-06 21:49:08,112 DEBUG    Received packet 233: 7000
 client 3 | 2023-11-06 21:49:08,113 DEBUG    Received packet 233: 7000
 client 1 | 2023-11-06 21:49:08,213 DEBUG    Received packet 234: 7000
 client 3 | 2023-11-06 21:49:08,213 DEBUG    Received packet 234: 7000
 client 1 | 2023-11-06 21:49:08,313 DEBUG    Received packet 235: 7000
 client 3 | 2023-11-06 21:49:08,313 DEBUG    Received packet 235: 7000
 client 1 | 2023-11-06 21:49:08,414 DEBUG    Received packet 236: 7000
 client 3 | 2023-11-06 21:49:08,414 DEBUG    Received packet 236: 7000
 client 1 | 2023-11-06 21:49:08,514 DEBUG    Received packet 237: 7000
 client 3 | 2023-11-06 21:49:08,514 DEBUG    Received packet 237: 7000
 client 1 | 2023-11-06 21:49:08,614 DEBUG    Received packet 238: 7000
 client 3 | 2023-11-06 21:49:08,615 DEBUG    Received packet 238: 7000
 client 1 | 2023-11-06 21:49:08,715 DEBUG    Received packet 239: 7000
 client 3 | 2023-11-06 21:49:08,715 DEBUG    Received packet 239: 7000
 client 1 | 2023-11-06 21:49:08,815 DEBUG    Received packet 240: 7000
 client 3 | 2023-11-06 21:49:08,815 DEBUG    Received packet 240: 7000
 client 1 | 2023-11-06 21:49:08,915 DEBUG    Received packet 241: 7000
 client 3 | 2023-11-06 21:49:08,916 DEBUG    Received packet 241: 7000
 client 1 | 2023-11-06 21:49:09,016 DEBUG    Received packet 242: 7000
 client 3 | 2023-11-06 21:49:09,016 DEBUG    Received packet 242: 7000
 client 1 | 2023-11-06 21:49:09,116 DEBUG    Received packet 243: 7000
 client 3 | 2023-11-06 21:49:09,116 DEBUG    Received packet 243: 7000
 client 1 | 2023-11-06 21:49:09,217 DEBUG    Received packet 244: 7000
 client 3 | 2023-11-06 21:49:09,217 DEBUG    Received packet 244: 7000
 client 1 | 2023-11-06 21:49:09,317 DEBUG    Received packet 245: 7000
 client 3 | 2023-11-06 21:49:09,317 DEBUG    Received packet 245: 7000
 client 1 | 2023-11-06 21:49:09,417 DEBUG    Received packet 246: 7000
 client 3 | 2023-11-06 21:49:09,418 DEBUG    Received packet 246: 7000
 client 1 | 2023-11-06 21:49:09,518 DEBUG    Received packet 247: 7000
 client 3 | 2023-11-06 21:49:09,518 DEBUG    Received packet 247: 7000
 client 1 | 2023-11-06 21:49:09,618 DEBUG    Received packet 248: 7000
 client 3 | 2023-11-06 21:49:09,618 DEBUG    Received packet 248: 7000
 client 1 | 2023-11-06 21:49:09,719 DEBUG    Received packet 249: 7000
 client 3 | 2023-11-06 21:49:09,719 DEBUG    Received packet 249: 7000
 client 1 | 2023-11-06 21:49:09,819 DEBUG    Received packet 250: 7000
 client 3 | 2023-11-06 21:49:09,819 DEBUG    Received packet 250: 7000
 client 1 | 2023-11-06 21:49:09,919 DEBUG    Received packet 251: 7000
 client 3 | 2023-11-06 21:49:09,919 DEBUG    Received packet 251: 7000
 client 1 | 2023-11-06 21:49:10,020 DEBUG    Received packet 252: 7000
 client 3 | 2023-11-06 21:49:10,020 DEBUG    Received packet 252: 7000
 client 1 | 2023-11-06 21:49:10,120 DEBUG    Received packet 253: 7000
 client 3 | 2023-11-06 21:49:10,120 DEBUG    Received packet 253: 7000
 client 1 | 2023-11-06 21:49:10,220 DEBUG    Received packet 254: 7000
 client 3 | 2023-11-06 21:49:10,221 DEBUG    Received packet 254: 7000
 client 1 | 2023-11-06 21:49:10,321 DEBUG    Received packet 255: 7000
 client 3 | 2023-11-06 21:49:10,321 DEBUG    Received packet 255: 7000
 client 1 | 2023-11-06 21:49:10,421 DEBUG    Received packet 256: 7000
 client 3 | 2023-11-06 21:49:10,421 DEBUG    Received packet 256: 7000
 client 1 | 2023-11-06 21:49:10,521 DEBUG    Received packet 257: 7000
 client 3 | 2023-11-06 21:49:10,521 DEBUG    Received packet 257: 7000
 client 1 | 2023-11-06 21:49:10,622 DEBUG    Received packet 258: 7000
 client 3 | 2023-11-06 21:49:10,622 DEBUG    Received packet 258: 7000
 client 1 | 2023-11-06 21:49:10,722 DEBUG    Received packet 259: 7000
 client 3 | 2023-11-06 21:49:10,722 DEBUG    Received packet 259: 7000
 client 1 | 2023-11-06 21:49:10,822 DEBUG    Received packet 260: 7000
 client 3 | 2023-11-06 21:49:10,823 DEBUG    Received packet 260: 7000
 client 1 | 2023-11-06 21:49:10,923 DEBUG    Received packet 261: 7000
 client 3 | 2023-11-06 21:49:10,923 DEBUG    Received packet 261: 7000
 client 1 | 2023-11-06 21:49:11,023 DEBUG    Received packet 262: 7000
 client 3 | 2023-11-06 21:49:11,023 DEBUG    Received packet 262: 7000
 client 1 | 2023-11-06 21:49:11,123 DEBUG    Received packet 263: 7000
 client 3 | 2023-11-06 21:49:11,123 DEBUG    Received packet 263: 7000
 client 1 | 2023-11-06 21:49:11,224 DEBUG    Received packet 264: 7000
 client 3 | 2023-11-06 21:49:11,224 DEBUG    Received packet 264: 7000
 client 1 | 2023-11-06 21:49:11,324 DEBUG    Received packet 265: 7000
 client 3 | 2023-11-06 21:49:11,324 DEBUG    Received packet 265: 7000
 client 1 | 2023-11-06 21:49:11,424 DEBUG    Received packet 266: 7000
 client 3 | 2023-11-06 21:49:11,424 DEBUG    Received packet 266: 7000
 client 1 | 2023-11-06 21:49:11,525 DEBUG    Received packet 267: 7000
 client 3 | 2023-11-06 21:49:11,525 DEBUG    Received packet 267: 7000
 client 1 | 2023-11-06 21:49:11,625 DEBUG    Received packet 268: 7000
 client 3 | 2023-11-06 21:49:11,625 DEBUG    Received packet 268: 7000
 client 1 | 2023-11-06 21:49:11,725 DEBUG    Received packet 269: 7000
 client 3 | 2023-11-06 21:49:11,726 DEBUG    Received packet 269: 7000
 client 1 | 2023-11-06 21:49:11,826 DEBUG    Received packet 270: 7000
 client 3 | 2023-11-06 21:49:11,826 DEBUG    Received packet 270: 7000
 client 1 | 2023-11-06 21:49:11,926 DEBUG    Received packet 271: 7000
 client 3 | 2023-11-06 21:49:11,926 DEBUG    Received packet 271: 7000
 client 1 | 2023-11-06 21:49:12,026 DEBUG    Received packet 272: 7000
 client 3 | 2023-11-06 21:49:12,027 DEBUG    Received packet 272: 7000
 client 1 | 2023-11-06 21:49:12,127 DEBUG    Received packet 273: 7000
 client 3 | 2023-11-06 21:49:12,127 DEBUG    Received packet 273: 7000
 client 1 | 2023-11-06 21:49:12,227 DEBUG    Received packet 274: 7000
 client 3 | 2023-11-06 21:49:12,227 DEBUG    Received packet 274: 7000
 client 1 | 2023-11-06 21:49:12,327 DEBUG    Received packet 275: 7000
 client 3 | 2023-11-06 21:49:12,328 DEBUG    Received packet 275: 7000
 client 1 | 2023-11-06 21:49:12,428 DEBUG    Received packet 276: 7000
 client 3 | 2023-11-06 21:49:12,428 DEBUG    Received packet 276: 7000
 client 1 | 2023-11-06 21:49:12,528 DEBUG    Received packet 277: 7000
 client 3 | 2023-11-06 21:49:12,528 DEBUG    Received packet 277: 7000
 client 1 | 2023-11-06 21:49:12,629 DEBUG    Received packet 278: 7000
 client 3 | 2023-11-06 21:49:12,629 DEBUG    Received packet 278: 7000
 client 1 | 2023-11-06 21:49:12,729 DEBUG    Received packet 279: 7000
 client 3 | 2023-11-06 21:49:12,729 DEBUG    Received packet 279: 7000
 client 1 | 2023-11-06 21:49:12,829 DEBUG    Received packet 280: 7000
 client 3 | 2023-11-06 21:49:12,829 DEBUG    Received packet 280: 7000
 client 1 | 2023-11-06 21:49:12,930 DEBUG    Received packet 281: 7000
 client 3 | 2023-11-06 21:49:12,930 DEBUG    Received packet 281: 7000
 client 1 | 2023-11-06 21:49:13,030 DEBUG    Received packet 282: 7000
 client 3 | 2023-11-06 21:49:13,030 DEBUG    Received packet 282: 7000
 client 1 | 2023-11-06 21:49:13,130 DEBUG    Received packet 283: 7000
 client 3 | 2023-11-06 21:49:13,131 DEBUG    Received packet 283: 7000
 client 1 | 2023-11-06 21:49:13,231 DEBUG    Received packet 284: 7000
 client 3 | 2023-11-06 21:49:13,231 DEBUG    Received packet 284: 7000
 client 1 | 2023-11-06 21:49:13,331 DEBUG    Received packet 285: 7000
 client 3 | 2023-11-06 21:49:13,331 DEBUG    Received packet 285: 7000
 client 1 | 2023-11-06 21:49:13,432 DEBUG    Received packet 286: 7000
 client 3 | 2023-11-06 21:49:13,432 DEBUG    Received packet 286: 7000
 client 1 | 2023-11-06 21:49:13,532 DEBUG    Received packet 287: 7000
 client 3 | 2023-11-06 21:49:13,532 DEBUG    Received packet 287: 7000
 client 1 | 2023-11-06 21:49:13,632 DEBUG    Received packet 288: 7000
 client 3 | 2023-11-06 21:49:13,632 DEBUG    Received packet 288: 7000
 client 1 | 2023-11-06 21:49:13,733 DEBUG    Received packet 289: 7000
 client 3 | 2023-11-06 21:49:13,733 DEBUG    Received packet 289: 7000
 client 1 | 2023-11-06 21:49:13,833 DEBUG    Received packet 290: 7000
 client 3 | 2023-11-06 21:49:13,833 DEBUG    Received packet 290: 7000
 client 1 | 2023-11-06 21:49:13,933 DEBUG    Received packet 291: 7000
 client 3 | 2023-11-06 21:49:13,934 DEBUG    Received packet 291: 7000
 client 1 | 2023-11-06 21:49:14,034 DEBUG    Received packet 292: 7000
 client 3 | 2023-11-06 21:49:14,034 DEBUG    Received packet 292: 7000
 client 1 | 2023-11-06 21:49:14,134 DEBUG    Received packet 293: 7000
 client 3 | 2023-11-06 21:49:14,134 DEBUG    Received packet 293: 7000
 client 1 | 2023-11-06 21:49:14,235 DEBUG    Received packet 294: 7000
 client 3 | 2023-11-06 21:49:14,235 DEBUG    Received packet 294: 7000
 client 1 | 2023-11-06 21:49:14,335 DEBUG    Received packet 295: 7000
 client 3 | 2023-11-06 21:49:14,335 DEBUG    Received packet 295: 7000
 client 1 | 2023-11-06 21:49:14,435 DEBUG    Received packet 296: 7000
 client 3 | 2023-11-06 21:49:14,436 DEBUG    Received packet 296: 7000
 client 1 | 2023-11-06 21:49:14,536 DEBUG    Received packet 297: 7000
 client 3 | 2023-11-06 21:49:14,536 DEBUG    Received packet 297: 7000
 client 1 | 2023-11-06 21:49:14,636 DEBUG    Received packet 298: 7000
 client 3 | 2023-11-06 21:49:14,636 DEBUG    Received packet 298: 7000
 client 1 | 2023-11-06 21:49:14,737 DEBUG    Received packet 299: 7000
 client 3 | 2023-11-06 21:49:14,737 DEBUG    Received packet 299: 7000
 client 1 | 2023-11-06 21:49:14,837 DEBUG    Received packet 300: 7000
 client 3 | 2023-11-06 21:49:14,837 DEBUG    Received packet 300: 7000
 client 1 | 2023-11-06 21:49:14,937 DEBUG    Received packet 301: 7000
 client 3 | 2023-11-06 21:49:14,937 DEBUG    Received packet 301: 7000
 client 1 | 2023-11-06 21:49:15,038 INFO     Got end of transmission
 client 1 | 2023-11-06 21:49:15,038 INFO     Lost packets: 0
 client 3 | 2023-11-06 21:49:15,038 INFO     Got end of transmission
 client 1 | 2023-11-06 21:49:15,038 INFO     Out of order packets: 0
 client 3 | 2023-11-06 21:49:15,038 INFO     Lost packets: 209
 client 3 | 2023-11-06 21:49:15,038 INFO     Out of order packets: 0
 client 1 | 2023-11-06 21:49:15,038 INFO     Standard deviation: 1718.4913638064
 client 3 | 2023-11-06 21:49:15,038 INFO     Standard deviation: 0.0
